<?xml version="1.0" encoding="UTF-8"?>
<!-- Generated by org.testng.reporters.JUnitXMLReporter -->
<testsuite hostname="SLB-F003P12" ignored="1" name="Default test" tests="1" failures="0" timestamp="21 Jan 2017 05:07:08 GMT" time="0.024" errors="0">
  <testcase name="filePermissions" time="0.009" classname="assignments.FileOperations"/>
  <testcase name="fileReadWrite" time="0.0" classname="assignments.FileOperations">
    <ignored/>
  </testcase> <!-- fileReadWrite -->
</testsuite> <!-- Default test -->
