<?xml version="1.0" encoding="UTF-8"?>
<testng-results skipped="0" failed="0" ignored="1" total="2" passed="1">
  <reporter-output>
  </reporter-output>
  <suite name="Default suite" duration-ms="24" started-at="2017-01-21T05:07:08Z" finished-at="2017-01-21T05:07:08Z">
    <groups>
    </groups>
    <test name="Default test" duration-ms="24" started-at="2017-01-21T05:07:08Z" finished-at="2017-01-21T05:07:08Z">
      <class name="assignments.FileOperations">
        <test-method status="PASS" signature="filePermissions()[pri:0, instance:assignments.FileOperations@2b98378d]" name="filePermissions" duration-ms="9" started-at="2017-01-21T10:37:08Z" finished-at="2017-01-21T10:37:08Z">
          <reporter-output>
          </reporter-output>
        </test-method> <!-- filePermissions -->
      </class> <!-- assignments.FileOperations -->
    </test> <!-- Default test -->
  </suite> <!-- Default suite -->
</testng-results>
